<?xml version="1.0" encoding="UTF-8" ?>
<testsuite tests="7" failures="0" name="com.wcg.remotecc.utils.InputParserTest" time="0.003" errors="0" skipped="0">
  <properties>
    <property name="java.runtime.name" value="Java(TM) SE Runtime Environment"/>
    <property name="sun.boot.library.path" value="C:\Java\jdk1.8.0_144\jre\bin"/>
    <property name="java.vm.version" value="25.144-b01"/>
    <property name="java.vm.vendor" value="Oracle Corporation"/>
    <property name="maven.multiModuleProjectDirectory" value="C:\Users\manoj\Desktop\TechnicalTest\remotecc"/>
    <property name="java.vendor.url" value="http://java.oracle.com/"/>
    <property name="path.separator" value=";"/>
    <property name="guice.disable.misplaced.annotation.check" value="true"/>
    <property name="java.vm.name" value="Java HotSpot(TM) 64-Bit Server VM"/>
    <property name="file.encoding.pkg" value="sun.io"/>
    <property name="user.script" value=""/>
    <property name="user.country" value="AU"/>
    <property name="sun.java.launcher" value="SUN_STANDARD"/>
    <property name="sun.os.patch.level" value=""/>
    <property name="java.vm.specification.name" value="Java Virtual Machine Specification"/>
    <property name="user.dir" value="C:\Users\manoj\Desktop\TechnicalTest\remotecc"/>
    <property name="java.runtime.version" value="1.8.0_144-b01"/>
    <property name="java.awt.graphicsenv" value="sun.awt.Win32GraphicsEnvironment"/>
    <property name="java.endorsed.dirs" value="C:\Java\jdk1.8.0_144\jre\lib\endorsed"/>
    <property name="os.arch" value="amd64"/>
    <property name="java.io.tmpdir" value="C:\Users\manoj\AppData\Local\Temp\"/>
    <property name="line.separator" value="
"/>
    <property name="java.vm.specification.vendor" value="Oracle Corporation"/>
    <property name="user.variant" value=""/>
    <property name="os.name" value="Windows 10"/>
    <property name="classworlds.conf" value="C:\Users\manoj\eclipse-workspace\.metadata\.plugins\org.eclipse.m2e.launching\launches\m2conf2789624056932282430.tmp"/>
    <property name="sun.jnu.encoding" value="Cp1252"/>
    <property name="java.library.path" value="C:\Java\jdk1.8.0_144\bin;C:\WINDOWS\Sun\Java\bin;C:\WINDOWS\system32;C:\WINDOWS;C:\Java\jdk1.8.0_144\jre\bin;C:/Program Files/Java/jre1.8.0_144/bin/server;C:/Program Files/Java/jre1.8.0_144/bin;C:/Program Files/Java/jre1.8.0_144/lib/amd64;C:\ProgramData\Oracle\Java\javapath;C:\Program Files (x86)\Intel\iCLS Client\;C:\Program Files\Intel\iCLS Client\;C:\WINDOWS\system32;C:\WINDOWS;C:\WINDOWS\System32\Wbem;C:\WINDOWS\System32\WindowsPowerShell\v1.0\;C:\Program Files (x86)\Intel\Intel(R) Management Engine Components\DAL;C:\Program Files\Intel\Intel(R) Management Engine Components\DAL;C:\Program Files (x86)\Intel\Intel(R) Management Engine Components\IPT;C:\Program Files\Intel\Intel(R) Management Engine Components\IPT;C:\nodejs\;C:\Program Files\Intel\WiFi\bin\;C:\Program Files\Common Files\Intel\WirelessCommon\;C:\Git\cmd;C:\Java\jdk1.8.0_144\bin;C:\Program Files (x86)\Skype\Phone\;C:\Users\manoj\AppData\Local\Microsoft\WindowsApps;C:\Microsoft VS Code\bin;C:\Users\manoj\AppData\Roaming\npm;C:\Users\manoj\Desktop;;."/>
    <property name="java.specification.name" value="Java Platform API Specification"/>
    <property name="java.class.version" value="52.0"/>
    <property name="sun.management.compiler" value="HotSpot 64-Bit Tiered Compilers"/>
    <property name="os.version" value="10.0"/>
    <property name="user.home" value="C:\Users\manoj"/>
    <property name="user.timezone" value="Australia/Sydney"/>
    <property name="java.awt.printerjob" value="sun.awt.windows.WPrinterJob"/>
    <property name="java.specification.version" value="1.8"/>
    <property name="file.encoding" value="Cp1252"/>
    <property name="user.name" value="manoj"/>
    <property name="java.class.path" value="C:\Users\manoj\.p2\pool\plugins\org.eclipse.m2e.maven.runtime_1.8.2.20171007-0216\jars\plexus-classworlds-2.5.2.jar"/>
    <property name="java.vm.specification.version" value="1.8"/>
    <property name="sun.arch.data.model" value="64"/>
    <property name="java.home" value="C:\Java\jdk1.8.0_144\jre"/>
    <property name="sun.java.command" value="org.codehaus.plexus.classworlds.launcher.Launcher -B install"/>
    <property name="java.specification.vendor" value="Oracle Corporation"/>
    <property name="user.language" value="en"/>
    <property name="awt.toolkit" value="sun.awt.windows.WToolkit"/>
    <property name="java.vm.info" value="mixed mode"/>
    <property name="java.version" value="1.8.0_144"/>
    <property name="java.ext.dirs" value="C:\Java\jdk1.8.0_144\jre\lib\ext;C:\WINDOWS\Sun\Java\lib\ext"/>
    <property name="sun.boot.class.path" value="C:\Java\jdk1.8.0_144\jre\lib\resources.jar;C:\Java\jdk1.8.0_144\jre\lib\rt.jar;C:\Java\jdk1.8.0_144\jre\lib\sunrsasign.jar;C:\Java\jdk1.8.0_144\jre\lib\jsse.jar;C:\Java\jdk1.8.0_144\jre\lib\jce.jar;C:\Java\jdk1.8.0_144\jre\lib\charsets.jar;C:\Java\jdk1.8.0_144\jre\lib\jfr.jar;C:\Java\jdk1.8.0_144\jre\classes"/>
    <property name="java.vendor" value="Oracle Corporation"/>
    <property name="maven.home" value="C:\Users\manoj\Desktop\TechnicalTest\remotecc\EMBEDDED"/>
    <property name="file.separator" value="\"/>
    <property name="java.vendor.url.bug" value="http://bugreport.sun.com/bugreport/"/>
    <property name="sun.cpu.endian" value="little"/>
    <property name="sun.io.unicode.encoding" value="UnicodeLittle"/>
    <property name="sun.desktop" value="windows"/>
    <property name="sun.cpu.isalist" value="amd64"/>
  </properties>
  <testcase classname="com.wcg.remotecc.utils.InputParserTest" name="givenACompleteStringInputWhenTheInputParserIsInvokedThenACarIsPlacedInTheGridAndTheGivenCommandsAreExecuted" time="0.001"/>
  <testcase classname="com.wcg.remotecc.utils.InputParserTest" name="givenACommandsStringInputWhenTheInputParserIsInvokedThenACommandListWithGivenCommandsIsCreated" time="0"/>
  <testcase classname="com.wcg.remotecc.utils.InputParserTest" name="givenAnIncompletePositionStringInputWhenTheInputParserIsInvokedThenAIllegalArgumentExceptionIsThrown" time="0"/>
  <testcase classname="com.wcg.remotecc.utils.InputParserTest" name="givenAPositionStringInputWhenTheInputParserIsInvokedThenAPositionWithGivenCoordinatesIsCreated" time="0.001"/>
  <testcase classname="com.wcg.remotecc.utils.InputParserTest" name="givenAnUnknownCommandStringInputWhenTheInputParserIsInvokedThenAnUnknownCommandExceptionArises" time="0"/>
  <testcase classname="com.wcg.remotecc.utils.InputParserTest" name="givenAPositionStringInputWithMoreIntsWhenTheInputParserIsInvokedThenAIllegalArgumentExceptionIsThrown" time="0.001"/>
  <testcase classname="com.wcg.remotecc.utils.InputParserTest" name="givenAnInvalidPositionDefinitionInputStringWhenTheInputParserIsInvokedThenAIllegalArgumentExceptionIsThrown" time="0"/>
</testsuite>